<?xml version="1.0" encoding="UTF-8"?>
<!-- Generated by org.testng.reporters.JUnitReportReporter -->
<testsuite skipped="0" hostname="LAPTOP-O3FLDPLU" name="runner.AddComputerRunner" tests="5" failures="3" timestamp="01 Mar 2021 21:37:46 GMT" time="76.878" errors="0">
  <testcase name="runScenario" time="11.471" classname="runner.AddComputerRunner"/>
  <testcase name="runScenario" time="28.239" classname="runner.AddComputerRunner">
    <failure type="java.lang.AssertionError" message="expected [Add a New Computer] but found [Add a new computer]">
      <![CDATA[java.lang.AssertionError: expected [Add a New Computer] but found [Add a new computer]
at org.testng.Assert.fail(Assert.java:96)
at org.testng.Assert.failNotEquals(Assert.java:776)
at org.testng.Assert.assertEqualsImpl(Assert.java:137)
at org.testng.Assert.assertEquals(Assert.java:118)
at org.testng.Assert.assertEquals(Assert.java:453)
at org.testng.Assert.assertEquals(Assert.java:463)
at applicationPages.Homepage.verifyAddNewButtonPresentWithText(Homepage.java:43)
at stepdefs.HomePageSteps.i_should_see_a_new_button_called_something(HomePageSteps.java:46)
at ✽.I should see a new button called "Add a New Computer"(file:src/test/resources/features/ComputerGrid/01_New_Computers.feature:13)
]]>
    </failure>
  </testcase> <!-- runScenario -->
  <testcase name="runScenario" time="9.279" classname="runner.AddComputerRunner">
    <failure type="java.lang.AssertionError" message="expected [Computer Name] but found [Computer name]">
      <![CDATA[java.lang.AssertionError: expected [Computer Name] but found [Computer name]
at org.testng.Assert.fail(Assert.java:96)
at org.testng.Assert.failNotEquals(Assert.java:776)
at org.testng.Assert.assertEqualsImpl(Assert.java:137)
at org.testng.Assert.assertEquals(Assert.java:118)
at org.testng.Assert.assertEquals(Assert.java:453)
at org.testng.Assert.assertEquals(Assert.java:463)
at applicationPages.AddComputerPage.verifyElementPresentAndClickable(AddComputerPage.java:54)
at stepdefs.AddComputerSteps.i_should_see_four_fields_labelledsomething_with_a_type_of_something(AddComputerSteps.java:44)
at ✽.I should see four fields labelled "<fields>" with a type of "<type>"(file:src/test/resources/features/ComputerGrid/01_New_Computers.feature:25)
]]>
    </failure>
  </testcase> <!-- runScenario -->
  <testcase name="runScenario" time="11.166" classname="runner.AddComputerRunner"/>
  <testcase name="runScenario" time="16.723" classname="runner.AddComputerRunner">
    <failure type="java.lang.AssertionError" message="expected [Add a New Computer] but found [Add a computer]">
      <![CDATA[java.lang.AssertionError: expected [Add a New Computer] but found [Add a computer]
at org.testng.Assert.fail(Assert.java:96)
at org.testng.Assert.failNotEquals(Assert.java:776)
at org.testng.Assert.assertEqualsImpl(Assert.java:137)
at org.testng.Assert.assertEquals(Assert.java:118)
at org.testng.Assert.assertEquals(Assert.java:453)
at org.testng.Assert.assertEquals(Assert.java:463)
at applicationPages.AddComputerPage.verifyPageTitle(AddComputerPage.java:19)
at stepdefs.AddComputerSteps.the_new_section_should_have_a_heading_of_something(AddComputerSteps.java:27)
at ✽.The new section should have a heading of "Add a New Computer"(file:src/test/resources/features/ComputerGrid/01_New_Computers.feature:20)
]]>
    </failure>
  </testcase> <!-- runScenario -->
</testsuite> <!-- runner.AddComputerRunner -->
