<?xml version="1.0" encoding="UTF-8"?>
<!-- Generated by org.testng.reporters.JUnitReportReporter -->
<testsuite skipped="0" hostname="LAPTOP-O3FLDPLU" name="runner.HomePageRunner" tests="1" failures="1" timestamp="01 Mar 2021 21:37:45 GMT" time="9.552" errors="0">
  <testcase name="runScenario" time="9.552" classname="runner.HomePageRunner">
    <failure type="java.lang.AssertionError" message="expected [Play sample application — Computer database] but found [Computer database]">
      <![CDATA[java.lang.AssertionError: expected [Play sample application — Computer database] but found [Computer database]
at org.testng.Assert.fail(Assert.java:96)
at org.testng.Assert.failNotEquals(Assert.java:776)
at org.testng.Assert.assertEqualsImpl(Assert.java:137)
at org.testng.Assert.assertEquals(Assert.java:118)
at org.testng.Assert.assertEquals(Assert.java:453)
at org.testng.Assert.assertEquals(Assert.java:463)
at applicationPages.Homepage.verifyPageTitle(Homepage.java:34)
at stepdefs.HomePageSteps.checkPageTitle(HomePageSteps.java:41)
at ✽.I should see a title "Play sample application — Computer database"(file:src/test/resources/features/HomePage/01_HomeScreen.feature:9)
]]>
    </failure>
  </testcase> <!-- runScenario -->
</testsuite> <!-- runner.HomePageRunner -->
